2025-03-25 18:00:34,975 - train_classifier - INFO - Namespace(seed=0, gpus='0', data_dir='data/', epochs=50, batch_size=16, num_workers=4, num_classes=10, use_generator=False)
2025-03-25 18:00:36,107 - train_classifier - INFO - 520
2025-03-25 18:00:58,055 - train_classifier - INFO - Epoch 0, Batch 0: Loss 2.301182746887207
2025-03-25 18:01:20,954 - train_classifier - INFO - Epoch 1, Batch 0: Loss 2.2631518840789795
2025-03-25 18:01:40,531 - train_classifier - INFO - Epoch 2, Batch 0: Loss 2.212782621383667
2025-03-25 18:02:08,179 - train_classifier - INFO - Epoch 3, Batch 0: Loss 2.287508010864258
2025-03-25 18:02:32,204 - train_classifier - INFO - Epoch 4, Batch 0: Loss 2.2203469276428223
2025-03-25 18:03:40,532 - train_classifier - INFO - Accuracy: 0.09603766879886283
2025-03-25 18:03:40,533 - train_classifier - INFO - Confusion Matrix: 
[[ 224   52   63    4  108  651 1366  263    0 1289]
 [   0    0    0    0    0    0    0    0    0    0]
 [ 186   81   29    3  103  502 1385   96    0 1032]
 [ 118   87    9   13   57  595  941  206    0 1994]
 [ 159   60   24   56  110  491 1828  134    0 1158]
 [ 148   71   42    1  396  716 1248  354    0  843]
 [ 182   76   13    0   18  516 1332  194    0 1488]
 [ 164  122    8   59  132  563 1193  238    0 1340]
 [ 296   37  103   15  195  699  637  159    0 1477]
 [ 142   48    4    3   81  948 1252  156    1  581]]
2025-03-25 18:03:57,515 - train_classifier - INFO - Epoch 5, Batch 0: Loss 2.2014122009277344
2025-03-25 18:04:15,428 - train_classifier - INFO - Epoch 6, Batch 0: Loss 2.2079501152038574
2025-03-25 18:04:30,919 - train_classifier - INFO - Epoch 7, Batch 0: Loss 2.2386810779571533
2025-03-25 18:04:47,676 - train_classifier - INFO - Epoch 8, Batch 0: Loss 2.285183906555176
2025-03-25 18:05:05,784 - train_classifier - INFO - Epoch 9, Batch 0: Loss 2.2130215167999268
2025-03-25 18:06:00,651 - train_classifier - INFO - Accuracy: 0.09636342099028666
2025-03-25 18:06:00,652 - train_classifier - INFO - Confusion Matrix: 
[[ 215   63   93    1   84  723 1385   40    0 1416]
 [   0    0    0    0    0    0    0    0    0    0]
 [ 178   94   54    0   56  481 1386   39    0 1129]
 [ 101  120   27    4   33  383 1015   25    0 2312]
 [ 157   95  171    0   60  329 1825   10    0 1373]
 [ 153   90  140    0  339  775 1132   67    0 1123]
 [ 223  127   49    0   11  337 1328    6    0 1738]
 [ 150  177   15   18   97  541 1111   32    0 1678]
 [ 397   84  151    9  115  479  588   43    0 1752]
 [ 125   78   48    2   36  969 1154   17    1  786]]
2025-03-25 18:06:23,406 - train_classifier - INFO - Epoch 10, Batch 0: Loss 2.2166645526885986
2025-03-25 18:06:46,496 - train_classifier - INFO - Epoch 11, Batch 0: Loss 2.190983772277832
2025-03-25 18:07:08,275 - train_classifier - INFO - Epoch 12, Batch 0: Loss 2.1814916133880615
2025-03-25 18:07:30,580 - train_classifier - INFO - Epoch 13, Batch 0: Loss 2.168717384338379
2025-03-25 18:07:50,194 - train_classifier - INFO - Epoch 14, Batch 0: Loss 2.2522008419036865
2025-03-25 18:08:52,859 - train_classifier - INFO - Accuracy: 0.09449774934849561
2025-03-25 18:08:52,860 - train_classifier - INFO - Confusion Matrix: 
[[ 270   75  150    0   97  681 1400   11    0 1336]
 [   0    0    0    0    0    0    0    0    0    0]
 [ 245  121  110    0   35  476 1326   52    0 1052]
 [ 123  157  110    4   29  318 1001    9    0 2269]
 [ 178  114  335    0   31  243 1802    2    0 1315]
 [ 205  109  392    0  314  769  883   38    0 1109]
 [ 299  168  101    0    5  267 1270    0    0 1709]
 [ 179  213   73    1   79  512 1123   14    0 1625]
 [ 581  106  240   10  105  344  511   44    0 1677]
 [ 173   98  155    1   28  975 1055    7    1  723]]
2025-03-25 18:09:12,386 - train_classifier - INFO - Epoch 15, Batch 0: Loss 2.1329448223114014
2025-03-25 18:09:34,951 - train_classifier - INFO - Epoch 16, Batch 0: Loss 2.1417787075042725
2025-03-25 18:09:56,398 - train_classifier - INFO - Epoch 17, Batch 0: Loss 2.140720844268799
2025-03-25 18:10:15,235 - train_classifier - INFO - Epoch 18, Batch 0: Loss 2.13352108001709
2025-03-25 18:10:31,581 - train_classifier - INFO - Epoch 19, Batch 0: Loss 2.1578450202941895
2025-03-25 18:11:22,166 - train_classifier - INFO - Accuracy: 0.09405354181473584
2025-03-25 18:11:22,166 - train_classifier - INFO - Confusion Matrix: 
[[ 299   68  247    0   86  726 1335   10    0 1249]
 [   0    0    0    0    0    0    0    0    0    0]
 [ 230  120  134    0   29  529 1272  116    0  987]
 [ 167  143  195    0   25  390  951    7    0 2142]
 [ 164  117  414    0   30  342 1748    2    0 1203]
 [ 254   98  457    0  305  832  777   44    0 1052]
 [ 286  152  143    0    8  381 1259    0    0 1590]
 [ 186  227  128    0   70  573 1063   16    0 1556]
 [ 626  149  294    3  100  410  415   69    0 1552]
 [ 181  106  307    0   30 1147  818   18    3  606]]
2025-03-25 18:11:39,628 - train_classifier - INFO - Epoch 20, Batch 0: Loss 2.1046688556671143
2025-03-25 18:12:00,101 - train_classifier - INFO - Epoch 21, Batch 0: Loss 2.162360668182373
2025-03-25 18:12:22,798 - train_classifier - INFO - Epoch 22, Batch 0: Loss 2.1269781589508057
2025-03-25 18:12:45,899 - train_classifier - INFO - Epoch 23, Batch 0: Loss 2.1403565406799316
2025-03-25 18:13:10,306 - train_classifier - INFO - Epoch 24, Batch 0: Loss 2.0744056701660156
2025-03-25 18:14:14,039 - train_classifier - INFO - Accuracy: 0.0915955934612651
2025-03-25 18:14:14,040 - train_classifier - INFO - Confusion Matrix: 
[[ 306  200  281    0  107  639 1205    7    0 1275]
 [   0    0    0    0    0    0    0    0    0    0]
 [ 157  201  159    0   40  507 1252  127    0  974]
 [  99  212  235    0   31  320  947    5    0 2171]
 [  96  186  549    0   35  323 1662    3    0 1166]
 [ 203  162  559    0  373  686  694   57    0 1085]
 [ 201  249  206    0   16  316 1240    1    0 1590]
 [ 107  337  206    0   69  552 1018   16    0 1514]
 [ 598  221  349    2  106  337  370   64    0 1571]
 [ 122  165  505    0   48 1026  662   34    3  651]]
2025-03-25 18:14:33,878 - train_classifier - INFO - Epoch 25, Batch 0: Loss 2.076023578643799
2025-03-25 18:14:54,153 - train_classifier - INFO - Epoch 26, Batch 0: Loss 2.147688627243042
2025-03-25 18:15:14,609 - train_classifier - INFO - Epoch 27, Batch 0: Loss 2.1445252895355225
2025-03-25 18:15:34,910 - train_classifier - INFO - Epoch 28, Batch 0: Loss 2.1092073917388916
2025-03-25 18:15:55,037 - train_classifier - INFO - Epoch 29, Batch 0: Loss 2.0890727043151855
2025-03-25 18:16:50,726 - train_classifier - INFO - Accuracy: 0.09168443496801706
2025-03-25 18:16:50,726 - train_classifier - INFO - Confusion Matrix: 
[[ 268  163  361    0  124  635 1247    4    0 1218]
 [   0    0    0    0    0    0    0    0    0    0]
 [ 126  159  174    0   54  516 1326  136    0  926]
 [  62  175  282    0   50  311 1039    6    0 2095]
 [  76  116  589    0   55  312 1744    5    0 1123]
 [ 138  160  644    0  390  643  721   76    0 1047]
 [ 149  218  241    0   26  331 1339    1    0 1514]
 [  55  263  270    0   83  549 1135   12    0 1452]
 [ 558  208  395    1  134  344  415   66    0 1497]
 [  94  170  625    0   63  974  660   23    2  605]]
2025-03-25 18:17:11,148 - train_classifier - INFO - Epoch 30, Batch 0: Loss 2.0691330432891846
2025-03-25 18:17:35,862 - train_classifier - INFO - Epoch 31, Batch 0: Loss 2.1106173992156982
2025-03-25 18:17:59,907 - train_classifier - INFO - Epoch 32, Batch 0: Loss 2.0112416744232178
2025-03-25 18:18:24,076 - train_classifier - INFO - Epoch 33, Batch 0: Loss 2.207817554473877
2025-03-25 18:18:48,995 - train_classifier - INFO - Epoch 34, Batch 0: Loss 2.121126890182495
2025-03-25 18:19:59,573 - train_classifier - INFO - Accuracy: 0.0873015873015873
2025-03-25 18:19:59,574 - train_classifier - INFO - Confusion Matrix: 
[[ 244  225  333    0  148  585 1217    5    0 1263]
 [   0    0    0    0    0    0    0    0    0    0]
 [ 104  215  150    0   56  483 1315  140    0  954]
 [  39  224  237    0   59  289 1032   12    0 2128]
 [  51  177  536    0   65  264 1755    5    0 1167]
 [ 115  168  693    0  412  542  771   72    0 1046]
 [ 113  304  204    0   24  310 1312    1    0 1551]
 [  23  363  248    0  101  536 1081   10    0 1457]
 [ 479  291  393    0  157  300  438   47    0 1513]
 [  50  230  600    0   95  898  667   49    2  625]]
2025-03-25 18:20:25,272 - train_classifier - INFO - Epoch 35, Batch 0: Loss 2.090383291244507
2025-03-25 18:20:50,357 - train_classifier - INFO - Epoch 36, Batch 0: Loss 2.018921136856079
2025-03-25 18:21:14,328 - train_classifier - INFO - Epoch 37, Batch 0: Loss 1.9778603315353394
2025-03-25 18:21:37,145 - train_classifier - INFO - Epoch 38, Batch 0: Loss 2.0779333114624023
2025-03-25 18:21:59,563 - train_classifier - INFO - Epoch 39, Batch 0: Loss 2.0509402751922607
2025-03-25 18:23:05,971 - train_classifier - INFO - Accuracy: 0.08682776593224355
2025-03-25 18:23:05,973 - train_classifier - INFO - Confusion Matrix: 
[[ 220  267  399    0  152  551 1189    2    0 1240]
 [   0    0    0    0    0    0    0    0    0    0]
 [  82  249  195    0   65  465 1291  136    0  934]
 [  29  229  268    0   60  258 1063   11    0 2102]
 [  42  243  613    0   72  237 1656    3    0 1154]
 [  71  220  790    0  427  495  714   67    0 1035]
 [  89  379  256    0   24  268 1258    1    0 1544]
 [  12  464  310    0  107  498  980    6    0 1442]
 [ 409  328  477    1  164  251  434   48    0 1506]
 [  38  290  683    0  132  755  590   41    1  686]]
2025-03-25 18:23:26,405 - train_classifier - INFO - Epoch 40, Batch 0: Loss 2.066730499267578
2025-03-25 18:23:48,407 - train_classifier - INFO - Epoch 41, Batch 0: Loss 2.041281223297119
2025-03-25 18:24:11,152 - train_classifier - INFO - Epoch 42, Batch 0: Loss 2.030918598175049
2025-03-25 18:24:33,465 - train_classifier - INFO - Epoch 43, Batch 0: Loss 2.026671886444092
2025-03-25 18:24:55,939 - train_classifier - INFO - Epoch 44, Batch 0: Loss 1.9613324403762817
2025-03-25 18:25:57,014 - train_classifier - INFO - Accuracy: 0.08043117744610281
2025-03-25 18:25:57,016 - train_classifier - INFO - Confusion Matrix: 
[[ 232  478  439    0  128  511  971    2    0 1259]
 [   0    0    0    0    0    0    0    0    0    0]
 [  85  352  236    0   59  409 1178  145    0  953]
 [  20  250  298    1   48  261 1020   14    0 2108]
 [  33  569  647    0   56  224 1295    4    0 1192]
 [  77  322  919    0  421  397  591   82    0 1010]
 [  90  543  271    0   18  275 1059    1    0 1562]
 [   9  584  348    0   78  503  827    5    0 1465]
 [ 384  351  540    0  147  250  398   44    0 1504]
 [  30  342  716    0  138  684  529   47    0  730]]
2025-03-25 18:26:17,628 - train_classifier - INFO - Epoch 45, Batch 0: Loss 2.175426721572876
2025-03-25 18:26:37,924 - train_classifier - INFO - Epoch 46, Batch 0: Loss 2.025200605392456
2025-03-25 18:26:59,204 - train_classifier - INFO - Epoch 47, Batch 0: Loss 1.9355032444000244
2025-03-25 18:27:21,691 - train_classifier - INFO - Epoch 48, Batch 0: Loss 1.9835141897201538
2025-03-25 18:27:43,715 - train_classifier - INFO - Epoch 49, Batch 0: Loss 2.0582916736602783
2025-03-25 18:28:48,999 - train_classifier - INFO - Accuracy: 0.0867093105899076
2025-03-25 18:28:49,000 - train_classifier - INFO - Confusion Matrix: 
[[ 228  250  387    0  157  592 1275    5    0 1126]
 [   0    0    0    0    0    0    0    0    0    0]
 [  95  194  194    0   71  419 1410  152    0  882]
 [  35  138  255    0   57  338 1242   15    0 1940]
 [  50  204  587    0   72  328 1750    3    0 1026]
 [ 103  205  864    0  447  452  754   84    0  910]
 [ 111  303  215    0   24  383 1389    1    0 1393]
 [  19  386  286    0  117  573 1111    6    0 1321]
 [ 461  286  474    0  191  333  509   40    0 1324]
 [  41  270  639    0  190  789  655   44    1  587]]
2025-03-25 18:29:54,057 - train_classifier - INFO - Final Accuracy: 0.09636342099028666
2025-03-25 18:29:54,058 - train_classifier - INFO - Confusion Matrix: 
[[ 215   63   93    1   84  723 1385   40    0 1416]
 [   0    0    0    0    0    0    0    0    0    0]
 [ 178   94   54    0   56  481 1386   39    0 1129]
 [ 101  120   27    4   33  383 1015   25    0 2312]
 [ 157   95  171    0   60  329 1825   10    0 1373]
 [ 153   90  140    0  339  775 1132   67    0 1123]
 [ 223  127   49    0   11  337 1328    6    0 1738]
 [ 150  177   15   18   97  541 1111   32    0 1678]
 [ 397   84  151    9  115  479  588   43    0 1752]
 [ 125   78   48    2   36  969 1154   17    1  786]]
